<?xml version='1.0'?> 
<!DOCTYPE coverage SYSTEM "http://cobertura.sourceforge.net/xml/coverage-04.dtd">
<!-- Generated by simplecov-cobertura version 2.1.0 (https://github.com/dashingrocket/simplecov-cobertura) -->
<coverage line-rate="0.98" lines-covered="300" lines-valid="305" branches-covered="26" branches-valid="28" branch-rate="0.93" complexity="0" version="0" timestamp="1704586096">
  <sources>
    <source>/home/runner/work/dedal-user-api/dedal-user-api</source>
  </sources>
  <packages>
    <package name="API" line-rate="0.99" branch-rate="0.92" complexity="0">
      <classes>
        <class name="base" filename="app/api/api/base.rb" line-rate="1.0" branch-rate="1.0" complexity="0">
          <methods/>
          <lines>
            <line number="3" hits="1" branch="false"/>
            <line number="4" hits="1" branch="false"/>
            <line number="5" hits="1" branch="false"/>
            <line number="7" hits="1" branch="false"/>
            <line number="8" hits="1" branch="false"/>
            <line number="9" hits="1" branch="false"/>
            <line number="12" hits="1" branch="false"/>
            <line number="15" hits="1" branch="false"/>
          </lines>
        </class>
        <class name="base" filename="app/api/api/entities/v1/base.rb" line-rate="1.0" branch-rate="1.0" complexity="0">
          <methods/>
          <lines>
            <line number="3" hits="1" branch="false"/>
            <line number="4" hits="1" branch="false"/>
            <line number="5" hits="1" branch="false"/>
            <line number="6" hits="1" branch="false"/>
            <line number="7" hits="1" branch="false"/>
            <line number="9" hits="1" branch="false"/>
            <line number="10" hits="38" branch="true" condition-coverage="100% (1/1)"/>
          </lines>
        </class>
        <class name="data" filename="app/api/api/entities/v1/data.rb" line-rate="1.0" branch-rate="1.0" complexity="0">
          <methods/>
          <lines>
            <line number="3" hits="1" branch="false"/>
            <line number="4" hits="1" branch="false"/>
            <line number="5" hits="1" branch="false"/>
            <line number="6" hits="1" branch="false"/>
            <line number="7" hits="1" branch="false"/>
          </lines>
        </class>
        <class name="error" filename="app/api/api/entities/v1/error.rb" line-rate="1.0" branch-rate="0.5" complexity="0">
          <methods/>
          <lines>
            <line number="3" hits="1" branch="false"/>
            <line number="4" hits="1" branch="false"/>
            <line number="5" hits="1" branch="false"/>
            <line number="6" hits="1" branch="false"/>
            <line number="7" hits="1" branch="false"/>
            <line number="9" hits="1" branch="false"/>
            <line number="10" hits="1" branch="false"/>
            <line number="12" hits="1" branch="true" condition-coverage="100% (1/1)"/>
          </lines>
        </class>
        <class name="field_helpers" filename="app/api/api/entities/v1/helpers/field_helpers.rb" line-rate="1.0" branch-rate="1.0" complexity="0">
          <methods/>
          <lines>
            <line number="3" hits="1" branch="false"/>
            <line number="4" hits="1" branch="false"/>
            <line number="5" hits="1" branch="false"/>
            <line number="6" hits="1" branch="false"/>
            <line number="7" hits="1" branch="false"/>
            <line number="8" hits="1" branch="false"/>
            <line number="10" hits="1" branch="false"/>
            <line number="11" hits="7" branch="false"/>
            <line number="14" hits="1" branch="false"/>
            <line number="15" hits="2" branch="false"/>
            <line number="18" hits="1" branch="false"/>
            <line number="19" hits="2" branch="false"/>
          </lines>
        </class>
        <class name="success" filename="app/api/api/entities/v1/success.rb" line-rate="1.0" branch-rate="1.0" complexity="0">
          <methods/>
          <lines>
            <line number="3" hits="1" branch="false"/>
            <line number="4" hits="1" branch="false"/>
            <line number="5" hits="1" branch="false"/>
            <line number="6" hits="1" branch="false"/>
            <line number="7" hits="1" branch="false"/>
          </lines>
        </class>
        <class name="base" filename="app/api/api/entities/v1/users/base.rb" line-rate="1.0" branch-rate="1.0" complexity="0">
          <methods/>
          <lines>
            <line number="3" hits="1" branch="false"/>
            <line number="4" hits="1" branch="false"/>
            <line number="5" hits="1" branch="false"/>
            <line number="6" hits="1" branch="false"/>
            <line number="7" hits="1" branch="false"/>
          </lines>
        </class>
        <class name="user" filename="app/api/api/entities/v1/users/user.rb" line-rate="1.0" branch-rate="1.0" complexity="0">
          <methods/>
          <lines>
            <line number="3" hits="1" branch="false"/>
            <line number="4" hits="1" branch="false"/>
            <line number="5" hits="1" branch="false"/>
            <line number="6" hits="1" branch="false"/>
            <line number="7" hits="1" branch="false"/>
            <line number="8" hits="1" branch="false"/>
            <line number="9" hits="1" branch="false"/>
            <line number="10" hits="1" branch="false"/>
            <line number="11" hits="1" branch="false"/>
            <line number="13" hits="1" branch="false"/>
            <line number="14" hits="1" branch="false"/>
          </lines>
        </class>
        <class name="base" filename="app/api/api/exceptions/base.rb" line-rate="1.0" branch-rate="1.0" complexity="0">
          <methods/>
          <lines>
            <line number="3" hits="1" branch="false"/>
            <line number="4" hits="1" branch="false"/>
            <line number="5" hits="1" branch="false"/>
            <line number="6" hits="1" branch="false"/>
            <line number="7" hits="1" branch="false"/>
            <line number="9" hits="1" branch="false"/>
            <line number="10" hits="1" branch="false"/>
            <line number="12" hits="1" branch="false"/>
            <line number="13" hits="12" branch="false"/>
            <line number="16" hits="1" branch="false"/>
            <line number="17" hits="6" branch="false"/>
          </lines>
        </class>
        <class name="handler" filename="app/api/api/exceptions/handler.rb" line-rate="1.0" branch-rate="1.0" complexity="0">
          <methods/>
          <lines>
            <line number="3" hits="1" branch="false"/>
            <line number="4" hits="1" branch="false"/>
            <line number="5" hits="1" branch="false"/>
            <line number="6" hits="1" branch="false"/>
            <line number="8" hits="1" branch="false"/>
            <line number="9" hits="1" branch="false"/>
            <line number="11" hits="1" branch="false"/>
            <line number="12" hits="4" branch="false"/>
            <line number="13" hits="8" branch="false"/>
            <line number="14" hits="8" branch="false"/>
            <line number="17" hits="4" branch="false"/>
            <line number="20" hits="1" branch="false"/>
            <line number="21" hits="5" branch="false"/>
            <line number="24" hits="1" branch="false"/>
            <line number="25" hits="1" branch="false"/>
            <line number="28" hits="1" branch="false"/>
            <line number="29" hits="1" branch="false"/>
            <line number="32" hits="1" branch="false"/>
            <line number="33" hits="1" branch="false"/>
          </lines>
        </class>
        <class name="json_error_formatter" filename="app/api/api/exceptions/json_error_formatter.rb" line-rate="1.0" branch-rate="1.0" complexity="0">
          <methods/>
          <lines>
            <line number="3" hits="1" branch="false"/>
            <line number="4" hits="1" branch="false"/>
            <line number="5" hits="1" branch="false"/>
            <line number="6" hits="1" branch="false"/>
            <line number="8" hits="1" branch="false"/>
            <line number="9" hits="8" branch="false"/>
            <line number="10" hits="8" branch="false"/>
          </lines>
        </class>
        <class name="page_not_found" filename="app/api/api/exceptions/page_not_found.rb" line-rate="1.0" branch-rate="1.0" complexity="0">
          <methods/>
          <lines>
            <line number="3" hits="1" branch="false"/>
            <line number="4" hits="1" branch="false"/>
            <line number="5" hits="1" branch="false"/>
            <line number="6" hits="1" branch="false"/>
            <line number="7" hits="1" branch="false"/>
            <line number="9" hits="1" branch="false"/>
            <line number="10" hits="1" branch="false"/>
          </lines>
        </class>
        <class name="unauthorized" filename="app/api/api/exceptions/unauthorized.rb" line-rate="1.0" branch-rate="1.0" complexity="0">
          <methods/>
          <lines>
            <line number="3" hits="1" branch="false"/>
            <line number="4" hits="1" branch="false"/>
            <line number="5" hits="1" branch="false"/>
            <line number="6" hits="1" branch="false"/>
            <line number="7" hits="1" branch="false"/>
            <line number="9" hits="1" branch="false"/>
            <line number="10" hits="1" branch="false"/>
          </lines>
        </class>
        <class name="logger" filename="app/api/api/middleware/logger.rb" line-rate="0.95" branch-rate="1.0" complexity="0">
          <methods/>
          <lines>
            <line number="3" hits="1" branch="false"/>
            <line number="5" hits="1" branch="false"/>
            <line number="6" hits="1" branch="false"/>
            <line number="7" hits="1" branch="false"/>
            <line number="8" hits="1" branch="false"/>
            <line number="9" hits="1" branch="false"/>
            <line number="11" hits="1" branch="false"/>
            <line number="12" hits="6" branch="false"/>
            <line number="16" hits="1" branch="false"/>
            <line number="17" hits="6" branch="false"/>
            <line number="18" hits="6" branch="false"/>
            <line number="21" hits="6" branch="false"/>
            <line number="23" hits="2" branch="false"/>
            <line number="25" hits="4" branch="false"/>
            <line number="28" hits="6" branch="false"/>
            <line number="30" hits="0" branch="false"/>
            <line number="31" hits="0" branch="false"/>
            <line number="35" hits="6" branch="false"/>
            <line number="39" hits="1" branch="false"/>
            <line number="42" hits="1" branch="false"/>
            <line number="43" hits="6" branch="false"/>
            <line number="44" hits="6" branch="true" condition-coverage="100% (1/1)"/>
            <line number="46" hits="5" branch="false"/>
            <line number="59" hits="5" branch="false"/>
            <line number="63" hits="1" branch="false"/>
            <line number="64" hits="6" branch="true" condition-coverage="100% (1/1)"/>
            <line number="66" hits="4" branch="false"/>
            <line number="71" hits="1" branch="false"/>
            <line number="72" hits="10" branch="false"/>
            <line number="75" hits="1" branch="false"/>
            <line number="76" hits="19" branch="false"/>
            <line number="79" hits="1" branch="false"/>
            <line number="80" hits="7" branch="true" condition-coverage="100% (1/1)"/>
            <line number="83" hits="1" branch="false"/>
            <line number="84" hits="8" branch="false"/>
            <line number="87" hits="1" branch="false"/>
            <line number="88" hits="5" branch="true" condition-coverage="100% (1/1)"/>
            <line number="90" hits="2" branch="false"/>
          </lines>
        </class>
        <class name="base" filename="app/api/api/v1/base.rb" line-rate="1.0" branch-rate="0.5" complexity="0">
          <methods/>
          <lines>
            <line number="3" hits="1" branch="false"/>
            <line number="4" hits="1" branch="false"/>
            <line number="5" hits="1" branch="false"/>
            <line number="6" hits="1" branch="false"/>
            <line number="7" hits="1" branch="false"/>
            <line number="9" hits="1" branch="false"/>
            <line number="11" hits="1" branch="false"/>
            <line number="13" hits="1" branch="false"/>
            <line number="14" hits="16" branch="false"/>
            <line number="15" hits="16" branch="false"/>
            <line number="18" hits="1" branch="true" condition-coverage="100% (1/1)"/>
            <line number="20" hits="1" branch="false"/>
            <line number="22" hits="1" branch="false"/>
            <line number="24" hits="1" branch="false"/>
            <line number="25" hits="1" branch="false"/>
          </lines>
        </class>
        <class name="auth_helpers" filename="app/api/api/v1/helpers/auth_helpers.rb" line-rate="1.0" branch-rate="1.0" complexity="0">
          <methods/>
          <lines>
            <line number="3" hits="1" branch="false"/>
            <line number="4" hits="1" branch="false"/>
            <line number="5" hits="1" branch="false"/>
            <line number="6" hits="1" branch="false"/>
            <line number="7" hits="1" branch="false"/>
            <line number="9" hits="1" branch="false"/>
            <line number="10" hits="1" branch="false"/>
            <line number="12" hits="1" branch="false"/>
            <line number="13" hits="16" branch="true" condition-coverage="100% (1/1)"/>
            <line number="15" hits="9" branch="false"/>
            <line number="17" hits="1" branch="false"/>
            <line number="20" hits="1" branch="false"/>
            <line number="21" hits="16" branch="false"/>
            <line number="24" hits="1" branch="false"/>
            <line number="25" hits="14" branch="true" condition-coverage="100% (1/1)"/>
            <line number="27" hits="13" branch="false"/>
            <line number="28" hits="11" branch="false"/>
            <line number="29" hits="11" branch="false"/>
            <line number="30" hits="11" branch="false"/>
            <line number="34" hits="1" branch="false"/>
            <line number="35" hits="25" branch="false"/>
            <line number="38" hits="1" branch="false"/>
            <line number="39" hits="2" branch="false"/>
            <line number="42" hits="1" branch="false"/>
            <line number="43" hits="3" branch="false"/>
            <line number="46" hits="1" branch="false"/>
            <line number="47" hits="3" branch="false"/>
            <line number="50" hits="1" branch="false"/>
            <line number="51" hits="2" branch="false"/>
            <line number="52" hits="2" branch="false"/>
          </lines>
        </class>
        <class name="grape_helpers" filename="app/api/api/v1/helpers/grape_helpers.rb" line-rate="1.0" branch-rate="1.0" complexity="0">
          <methods/>
          <lines>
            <line number="3" hits="1" branch="false"/>
            <line number="4" hits="1" branch="false"/>
            <line number="5" hits="1" branch="false"/>
            <line number="6" hits="1" branch="false"/>
            <line number="7" hits="1" branch="false"/>
            <line number="9" hits="1" branch="false"/>
            <line number="10" hits="16" branch="false"/>
            <line number="11" hits="41" branch="false"/>
            <line number="15" hits="1" branch="false"/>
            <line number="16" hits="10" branch="false"/>
          </lines>
        </class>
        <class name="users" filename="app/api/api/v1/users.rb" line-rate="1.0" branch-rate="1.0" complexity="0">
          <methods/>
          <lines>
            <line number="3" hits="1" branch="false"/>
            <line number="4" hits="1" branch="false"/>
            <line number="5" hits="1" branch="false"/>
            <line number="6" hits="1" branch="false"/>
            <line number="7" hits="3" branch="false"/>
            <line number="10" hits="3" branch="false"/>
            <line number="11" hits="3" branch="false"/>
            <line number="12" hits="3" branch="false"/>
            <line number="13" hits="3" branch="false"/>
            <line number="15" hits="3" branch="false"/>
            <line number="16" hits="4" branch="false"/>
            <line number="19" hits="3" branch="false"/>
            <line number="22" hits="3" branch="false"/>
            <line number="23" hits="3" branch="false"/>
            <line number="24" hits="3" branch="false"/>
            <line number="25" hits="3" branch="false"/>
            <line number="26" hits="3" branch="false"/>
            <line number="28" hits="3" branch="false"/>
            <line number="29" hits="1" branch="false"/>
            <line number="32" hits="3" branch="false"/>
            <line number="36" hits="3" branch="false"/>
            <line number="37" hits="3" branch="false"/>
            <line number="38" hits="3" branch="false"/>
            <line number="40" hits="3" branch="false"/>
            <line number="41" hits="4" branch="true" condition-coverage="100% (1/1)"/>
            <line number="42" hits="4" branch="false"/>
            <line number="43" hits="4" branch="true" condition-coverage="100% (1/1)"/>
            <line number="45" hits="2" branch="false"/>
            <line number="46" hits="2" branch="false"/>
            <line number="49" hits="3" branch="false"/>
            <line number="53" hits="3" branch="false"/>
            <line number="54" hits="2" branch="false"/>
            <line number="55" hits="2" branch="true" condition-coverage="100% (1/1)"/>
            <line number="57" hits="1" branch="false"/>
            <line number="58" hits="1" branch="false"/>
            <line number="61" hits="3" branch="false"/>
            <line number="64" hits="3" branch="false"/>
            <line number="65" hits="2" branch="false"/>
            <line number="66" hits="2" branch="false"/>
            <line number="67" hits="2" branch="false"/>
            <line number="71" hits="1" branch="false"/>
            <line number="73" hits="1" branch="false"/>
            <line number="74" hits="3" branch="false"/>
            <line number="75" hits="3" branch="false"/>
            <line number="76" hits="3" branch="false"/>
          </lines>
        </class>
      </classes>
    </package>
    <package name="Models" line-rate="0.95" branch-rate="1.0" complexity="0">
      <classes>
        <class name="access_token" filename="app/models/access_token.rb" line-rate="1.0" branch-rate="1.0" complexity="0">
          <methods/>
          <lines>
            <line number="3" hits="1" branch="false"/>
            <line number="4" hits="1" branch="false"/>
            <line number="5" hits="1" branch="false"/>
            <line number="7" hits="1" branch="false"/>
            <line number="8" hits="1" branch="false"/>
            <line number="10" hits="1" branch="false"/>
            <line number="11" hits="11" branch="true" condition-coverage="100% (1/1)"/>
            <line number="12" hits="11" branch="false"/>
            <line number="13" hits="11" branch="false"/>
            <line number="14" hits="11" branch="false"/>
            <line number="17" hits="1" branch="false"/>
            <line number="18" hits="13" branch="false"/>
            <line number="19" hits="13" branch="false"/>
            <line number="20" hits="13" branch="false"/>
            <line number="23" hits="1" branch="false"/>
            <line number="25" hits="1" branch="false"/>
            <line number="26" hits="24" branch="false"/>
            <line number="27" hits="24" branch="false"/>
            <line number="30" hits="1" branch="false"/>
            <line number="32" hits="13" branch="false"/>
          </lines>
        </class>
        <class name="application_record" filename="app/models/application_record.rb" line-rate="1.0" branch-rate="1.0" complexity="0">
          <methods/>
          <lines>
            <line number="3" hits="1" branch="false"/>
            <line number="4" hits="1" branch="false"/>
          </lines>
        </class>
        <class name="log_event" filename="app/models/log_event.rb" line-rate="0.57" branch-rate="1.0" complexity="0">
          <methods/>
          <lines>
            <line number="3" hits="1" branch="false"/>
            <line number="4" hits="1" branch="false"/>
            <line number="6" hits="1" branch="false"/>
            <line number="7" hits="0" branch="false"/>
            <line number="10" hits="1" branch="false"/>
            <line number="11" hits="0" branch="false"/>
            <line number="12" hits="0" branch="false"/>
          </lines>
        </class>
        <class name="refresh_token" filename="app/models/refresh_token.rb" line-rate="1.0" branch-rate="1.0" complexity="0">
          <methods/>
          <lines>
            <line number="3" hits="1" branch="false"/>
            <line number="4" hits="1" branch="false"/>
            <line number="5" hits="1" branch="false"/>
            <line number="7" hits="1" branch="false"/>
            <line number="8" hits="1" branch="false"/>
            <line number="10" hits="1" branch="false"/>
            <line number="11" hits="14" branch="false"/>
            <line number="14" hits="1" branch="false"/>
            <line number="16" hits="1" branch="false"/>
            <line number="17" hits="14" branch="false"/>
            <line number="18" hits="14" branch="false"/>
            <line number="21" hits="1" branch="false"/>
            <line number="23" hits="13" branch="false"/>
            <line number="31" hits="1" branch="false"/>
            <line number="32" hits="14" branch="false"/>
            <line number="33" hits="14" branch="false"/>
            <line number="34" hits="14" branch="false"/>
          </lines>
        </class>
        <class name="user" filename="app/models/user.rb" line-rate="1.0" branch-rate="1.0" complexity="0">
          <methods/>
          <lines>
            <line number="3" hits="1" branch="false"/>
            <line number="4" hits="1" branch="false"/>
            <line number="5" hits="1" branch="false"/>
            <line number="9" hits="1" branch="false"/>
            <line number="18" hits="1" branch="false"/>
            <line number="19" hits="13" branch="false"/>
            <line number="22" hits="1" branch="false"/>
            <line number="23" hits="2" branch="false"/>
            <line number="24" hits="2" branch="false"/>
          </lines>
        </class>
      </classes>
    </package>
    <package name="Logging" line-rate="0.89" branch-rate="1.0" complexity="0">
      <classes>
        <class name="logger" filename="app/api/api/middleware/logger.rb" line-rate="0.95" branch-rate="1.0" complexity="0">
          <methods/>
          <lines>
            <line number="3" hits="1" branch="false"/>
            <line number="5" hits="1" branch="false"/>
            <line number="6" hits="1" branch="false"/>
            <line number="7" hits="1" branch="false"/>
            <line number="8" hits="1" branch="false"/>
            <line number="9" hits="1" branch="false"/>
            <line number="11" hits="1" branch="false"/>
            <line number="12" hits="6" branch="false"/>
            <line number="16" hits="1" branch="false"/>
            <line number="17" hits="6" branch="false"/>
            <line number="18" hits="6" branch="false"/>
            <line number="21" hits="6" branch="false"/>
            <line number="23" hits="2" branch="false"/>
            <line number="25" hits="4" branch="false"/>
            <line number="28" hits="6" branch="false"/>
            <line number="30" hits="0" branch="false"/>
            <line number="31" hits="0" branch="false"/>
            <line number="35" hits="6" branch="false"/>
            <line number="39" hits="1" branch="false"/>
            <line number="42" hits="1" branch="false"/>
            <line number="43" hits="6" branch="false"/>
            <line number="44" hits="6" branch="true" condition-coverage="100% (1/1)"/>
            <line number="46" hits="5" branch="false"/>
            <line number="59" hits="5" branch="false"/>
            <line number="63" hits="1" branch="false"/>
            <line number="64" hits="6" branch="true" condition-coverage="100% (1/1)"/>
            <line number="66" hits="4" branch="false"/>
            <line number="71" hits="1" branch="false"/>
            <line number="72" hits="10" branch="false"/>
            <line number="75" hits="1" branch="false"/>
            <line number="76" hits="19" branch="false"/>
            <line number="79" hits="1" branch="false"/>
            <line number="80" hits="7" branch="true" condition-coverage="100% (1/1)"/>
            <line number="83" hits="1" branch="false"/>
            <line number="84" hits="8" branch="false"/>
            <line number="87" hits="1" branch="false"/>
            <line number="88" hits="5" branch="true" condition-coverage="100% (1/1)"/>
            <line number="90" hits="2" branch="false"/>
          </lines>
        </class>
        <class name="log_event" filename="app/models/log_event.rb" line-rate="0.57" branch-rate="1.0" complexity="0">
          <methods/>
          <lines>
            <line number="3" hits="1" branch="false"/>
            <line number="4" hits="1" branch="false"/>
            <line number="6" hits="1" branch="false"/>
            <line number="7" hits="0" branch="false"/>
            <line number="10" hits="1" branch="false"/>
            <line number="11" hits="0" branch="false"/>
            <line number="12" hits="0" branch="false"/>
          </lines>
        </class>
      </classes>
    </package>
  </packages>
</coverage>